<?xml version="1.0" encoding="UTF-8"?>
<testng-results ignored="0" total="1" passed="1" failed="0" skipped="0">
  <reporter-output>
    <line>
      <![CDATA[hello testNg]]>
    </line>
  </reporter-output>
  <suite started-at="2024-03-24T18:29:16 IST" name="Default suite" finished-at="2024-03-24T18:29:16 IST" duration-ms="38">
    <groups>
    </groups>
    <test started-at="2024-03-24T18:29:16 IST" name="Default test" finished-at="2024-03-24T18:29:16 IST" duration-ms="38">
      <class name="workingWithUniteTestingTool.Basic">
        <test-method signature="run()[pri:0, instance:workingWithUniteTestingTool.Basic@50caa560]" started-at="2024-03-24T18:29:16 IST" name="run" finished-at="2024-03-24T18:29:16 IST" duration-ms="13" status="PASS">
          <reporter-output>
            <line>
              <![CDATA[hello testNg]]>
            </line>
          </reporter-output>
        </test-method> <!-- run -->
      </class> <!-- workingWithUniteTestingTool.Basic -->
    </test> <!-- Default test -->
  </suite> <!-- Default suite -->
</testng-results>
