<?xml version="1.0" encoding="UTF-8"?>
<!-- Generated by org.testng.reporters.JUnitXMLReporter -->
<testsuite ignored="0" hostname="sohans-MacBook-Air.local" failures="0" tests="5" name="car" time="43.625" errors="0" timestamp="2024-03-12T16:43:06 IST">
  <testcase classname="testScript.ToRunSuzuki" name="suzuki" time="25.787"/>
  <testcase classname="testScript.ToRunVolkswagen" name="volkswagen" time="28.932"/>
  <testcase classname="testScript.ToRunCreta" name="creta" time="40.014"/>
  <testcase classname="testScript.ToRunKia" name="kia" time="40.872"/>
  <testcase classname="testScript.ToRunScoda" name="scoda" time="43.616"/>
</testsuite> <!-- car -->
