<?xml version="1.0" encoding="UTF-8"?>
<!-- Generated by org.testng.reporters.JUnitXMLReporter -->
<testsuite ignored="0" hostname="sohans-MacBook-Air.local" failures="0" tests="5" name="chocolate" time="42.934" errors="0" timestamp="2024-03-12T16:42:17 IST">
  <testcase classname="testScript.ToRuncadbury" name="cadbury" time="22.591"/>
  <testcase classname="testScript.ToRunSnickers" name="snickers" time="31.326"/>
  <testcase classname="testScript.ToRunMilkyBar" name="milkyBar" time="33.475"/>
  <testcase classname="testScript.ToRunKitkat" name="kitkat" time="35.6"/>
  <testcase classname="testScript.ToRunMunch" name="munch" time="42.887"/>
</testsuite> <!-- chocolate -->
